{"name": "test_allure_issue_with_link_on_github", "status": "failed", "statusDetails": {"message": "AssertionError: assert False", "trace": "self = <lesson_28.tests.test_automation.TestAutomation object at 0x1071d6b70>\n\n    @allure.story(\"Test for issue vizualization\")\n    @allure.issue('https://github.com/DartBrovsky/aqa_python_hillel/blob/main/lesson_30/test_initial.py',\"test allure issue with link on github\")\n    def test_allure_issue_with_link_on_github(self):\n>       assert False\nE       assert False\n\ntest_automation.py:45: AssertionError"}, "start": 1739455473255, "stop": 1739455473256, "uuid": "c70cb907-db7c-4ec9-ba78-ba2d221ee632", "historyId": "8e7edfd6bd3a82a4a49cce1a5a2d6ee3", "testCaseId": "8e7edfd6bd3a82a4a49cce1a5a2d6ee3", "fullName": "tests.test_automation.TestAutomation#test_allure_issue_with_link_on_github", "labels": [{"name": "feature", "value": "Testing Automation exercise cite"}, {"name": "story", "value": "Test for issue vizualization"}, {"name": "parentSuite", "value": "tests"}, {"name": "suite", "value": "test_automation"}, {"name": "subSuite", "value": "TestAutomation"}, {"name": "host", "value": "MacBookAir"}, {"name": "thread", "value": "29040-MainThread"}, {"name": "framework", "value": "pytest"}, {"name": "language", "value": "cpython3"}, {"name": "package", "value": "tests.test_automation"}], "links": [{"type": "issue", "url": "https://github.com/DartBrovsky/aqa_python_hillel/blob/main/lesson_30/test_initial.py", "name": "test allure issue with link on github"}]}